<?xml version="1.0" encoding="utf-8"?><testsuites><testsuite name="pytest" errors="0" failures="3" skipped="0" tests="4" time="42.261" timestamp="2023-05-24T03:19:19.902019" hostname="LAPTOP-PFHRLPUP"><testcase classname="tests.integration.test_api.TestBatchPipeline" name="test_should_failed_unkown_column_1" time="0.632"><failure message="AssertionError: 200 != 400">self = &lt;tests.integration.test_api.TestBatchPipeline testMethod=test_should_failed_unkown_column_1&gt;

    def test_should_failed_unkown_column_1(self):
        data = {
    
                    "OPERA": "Aerolineas Argentinas",
                    "TIPOVUELO": "N",
                    "MES": 13
    
        }
        # when("xgboost.XGBClassifier").predict(ANY).thenReturn(np.array([0]))# change this line to the model of chosing
        response = self.client.post("/predict", json=data)
&gt;       self.assertEqual(response.status_code, 400)
E       AssertionError: 200 != 400

tests/integration/test_api.py:34: AssertionError</failure></testcase><testcase classname="tests.integration.test_api.TestBatchPipeline" name="test_should_failed_unkown_column_2" time="0.059"><failure message="AssertionError: 200 != 400">self = &lt;tests.integration.test_api.TestBatchPipeline testMethod=test_should_failed_unkown_column_2&gt;

    def test_should_failed_unkown_column_2(self):
        data = {
    
                    "OPERA": "Aerolineas Argentinas",
                    "TIPOVUELO": "O",
                    "MES": 13
    
        }
        # when("xgboost.XGBClassifier").predict(ANY).thenReturn(np.array([0]))# change this line to the model of chosing
        response = self.client.post("/predict", json=data)
&gt;       self.assertEqual(response.status_code, 400)
E       AssertionError: 200 != 400

tests/integration/test_api.py:46: AssertionError</failure></testcase><testcase classname="tests.integration.test_api.TestBatchPipeline" name="test_should_failed_unkown_column_3" time="0.064"><failure message="AssertionError: 200 != 400">self = &lt;tests.integration.test_api.TestBatchPipeline testMethod=test_should_failed_unkown_column_3&gt;

    def test_should_failed_unkown_column_3(self):
        data = {
    
                    "OPERA": "Argentinas",
                    "TIPOVUELO": "O",
                    "MES": 13
    
        }
        # when("xgboost.XGBClassifier").predict(ANY).thenReturn(np.array([0]))
        response = self.client.post("/predict", json=data)
&gt;       self.assertEqual(response.status_code, 400)
E       AssertionError: 200 != 400

tests/integration/test_api.py:58: AssertionError</failure></testcase><testcase classname="tests.integration.test_api.TestBatchPipeline" name="test_should_get_predict" time="0.071" /></testsuite></testsuites>