<?xml version="1.0" encoding="utf-8"?><testsuites><testsuite name="pytest" errors="0" failures="0" skipped="0" tests="4" time="32.705" timestamp="2023-05-24T03:53:48.837240" hostname="LAPTOP-PFHRLPUP"><testcase classname="tests.integration.test_api.TestBatchPipeline" name="test_should_failed_unkown_column_1" time="0.269" /><testcase classname="tests.integration.test_api.TestBatchPipeline" name="test_should_failed_unkown_column_2" time="0.012" /><testcase classname="tests.integration.test_api.TestBatchPipeline" name="test_should_failed_unkown_column_3" time="0.013" /><testcase classname="tests.integration.test_api.TestBatchPipeline" name="test_should_get_predict" time="0.504" /></testsuite></testsuites>