<?xml version="1.0" encoding="utf-8"?><testsuites><testsuite name="pytest" errors="0" failures="0" skipped="0" tests="4" time="194.394" timestamp="2023-05-24T02:08:30.103505" hostname="LAPTOP-PFHRLPUP"><testcase classname="tests.model.test_model.TestModel" name="test_model_fit" time="43.512" /><testcase classname="tests.model.test_model.TestModel" name="test_model_predict" time="37.685" /><testcase classname="tests.model.test_model.TestModel" name="test_model_preprocess_for_serving" time="35.559" /><testcase classname="tests.model.test_model.TestModel" name="test_model_preprocess_for_training" time="26.364" /></testsuite></testsuites>